Flutter crash report.
Please report a bug at https://github.com/flutter/flutter/issues.

## command

flutter debug_adapter

## exception

RPCError: getIsolate: (-32603) Unexpected DWDS error for getIsolate: Bad state: No running isolate (inspector is not set).

```
#0      new _OutstandingRequest (package:vm_service/src/vm_service.dart:265:34)
#1      VmService._call.<anonymous closure> (package:vm_service/src/vm_service.dart:1921:25)
#2      VmService._call (package:vm_service/src/vm_service.dart:1933:8)
#3      VmService.getIsolate (package:vm_service/src/vm_service.dart:1009:7)
#4      IsolateManager._sendLibraryDebuggables (package:dds/src/dap/isolate_manager.dart:1034:35)
#5      IsolateManager._configureIsolate (package:dds/src/dap/isolate_manager.dart:555:9)
#6      IsolateManager.registerIsolate (package:dds/src/dap/isolate_manager.dart:246:13)
#7      IsolateManager.handleEvent (package:dds/src/dap/isolate_manager.dart:189:13)
#8      DartDebugAdapter.handleIsolateEvent (package:dds/src/dap/adapters/dart.dart:2488:26)
<asynchronous suspension>
#9      DartDebugAdapter._withErrorHandling (package:dds/src/dap/adapters/dart.dart:2819:14)
<asynchronous suspension>
```

## flutter doctor

```
[!] Flutter (Channel stable, 3.32.0, on macOS 15.4.1 24E263 darwin-x64, locale ko-KR) [232ms]
    • Flutter version 3.32.0 on channel stable at /Users/gwona/flutterSDK/flutter
    ! The flutter binary is not on your path. Consider adding /Users/gwona/flutterSDK/flutter/bin to your path.
    ! The dart binary is not on your path. Consider adding /Users/gwona/flutterSDK/flutter/bin to your path.
    • Upstream repository https://github.com/flutter/flutter.git
    • Framework revision be698c48a6 (2주 전), 2025-05-19 12:59:14 -0700
    • Engine revision 1881800949
    • Dart version 3.8.0
    • DevTools version 2.45.1
    • If those were intentional, you can disregard the above warnings; however it is recommended to use "git" directly to perform update checks and upgrades.

[✓] Android toolchain - develop for Android devices (Android SDK version 35.0.1) [2.8s]
    • Android SDK at /Users/gwona/Library/Android/sdk
    • Platform android-35, build-tools 35.0.1
    • ANDROID_HOME = /Users/gwona/Library/Android/sdk
    • Java binary at: /Applications/Android Studio.app/Contents/jbr/Contents/Home/bin/java
      This is the JDK bundled with the latest Android Studio installation on this machine.
      To manually set the JDK path, use: `flutter config --jdk-dir="path/to/jdk"`.
    • Java version OpenJDK Runtime Environment (build 21.0.6+-13368085-b895.109)
    • All Android licenses accepted.

[✗] Xcode - develop for iOS and macOS [386ms]
    ✗ Xcode installation is incomplete; a full installation is necessary for iOS and macOS development.
      Download at: https://developer.apple.com/xcode/
      Or install Xcode via the App Store.
      Once installed, run:
        sudo xcode-select --switch /Applications/Xcode.app/Contents/Developer
        sudo xcodebuild -runFirstLaunch
    ✗ CocoaPods not installed.
        CocoaPods is a package manager for iOS or macOS platform code.
        Without CocoaPods, plugins will not work on iOS or macOS.
        For more info, see https://flutter.dev/to/platform-plugins
      For installation instructions, see https://guides.cocoapods.org/using/getting-started.html#installation

[✓] Chrome - develop for the web [52ms]
    • Chrome at /Applications/Google Chrome.app/Contents/MacOS/Google Chrome

[✓] Android Studio (version 2024.3) [51ms]
    • Android Studio at /Applications/Android Studio.app/Contents
    • Flutter plugin can be installed from:
      🔨 https://plugins.jetbrains.com/plugin/9212-flutter
    • Dart plugin can be installed from:
      🔨 https://plugins.jetbrains.com/plugin/6351-dart
    • Java version OpenJDK Runtime Environment (build 21.0.6+-13368085-b895.109)

[✓] VS Code (version 1.96.0) [49ms]
    • VS Code at /Users/gwona/Downloads/Visual Studio Code 4.app/Contents
    • Flutter extension version 3.112.0

[✓] VS Code (version 1.59.1) [49ms]
    • VS Code at /Users/gwona/Downloads/Visual Studio Code 2.app/Contents
    • Flutter extension version 3.112.0

[✓] VS Code (version 1.62.3) [49ms]
    • VS Code at /Users/gwona/Downloads/Visual Studio Code 3.app/Contents
    • Flutter extension version 3.112.0

[✓] VS Code (version 1.59.1) [49ms]
    • VS Code at /Users/gwona/Downloads/Visual Studio Code.app/Contents
    • Flutter extension version 3.112.0

[✓] Connected device (2 available) [476ms]
    • macOS (desktop) • macos  • darwin-x64     • macOS 15.4.1 24E263 darwin-x64
    • Chrome (web)    • chrome • web-javascript • Google Chrome 137.0.7151.56

[✓] Network resources [576ms]
    • All expected network resources are available.

! Doctor found issues in 2 categories.
```
